<?xml version="1.0" encoding="UTF-8"?>
<testng-results ignored="0" total="3" passed="3" failed="0" skipped="0">
  <reporter-output>
  </reporter-output>
  <suite started-at="2025-08-14T07:59:41 IST" name="Surefire suite" finished-at="2025-08-14T08:00:12 IST" duration-ms="30714">
    <groups>
    </groups>
    <test started-at="2025-08-14T07:59:41 IST" name="Surefire test" finished-at="2025-08-14T08:00:12 IST" duration-ms="30714">
      <class name="TestClasses.CreateCustomerTest">
        <test-method is-config="true" signature="getDriver()[pri:0, instance:TestClasses.CreateCustomerTest@342c38f8]" started-at="2025-08-14T07:59:41 IST" name="getDriver" finished-at="2025-08-14T07:59:45 IST" duration-ms="4058" status="PASS">
          <reporter-output>
          </reporter-output>
        </test-method> <!-- getDriver -->
        <test-method signature="createCustomer(java.lang.String,java.lang.String,java.lang.String,java.lang.String,java.lang.String,java.lang.String,java.lang.String,java.lang.String)[pri:0, instance:TestClasses.CreateCustomerTest@342c38f8]" started-at="2025-08-14T07:59:45 IST" name="createCustomer" data-provider="registerpatientdata" finished-at="2025-08-14T07:59:51 IST" duration-ms="5385" status="PASS">
          <params>
            <param index="0">
              <value>
                <![CDATA[Harry]]>
              </value>
            </param>
            <param index="1">
              <value>
                <![CDATA[17-05-1995]]>
              </value>
            </param>
            <param index="2">
              <value>
                <![CDATA[Lajpat Nagar]]>
              </value>
            </param>
            <param index="3">
              <value>
                <![CDATA[Delhi]]>
              </value>
            </param>
            <param index="4">
              <value>
                <![CDATA[NCR]]>
              </value>
            </param>
            <param index="5">
              <value>
                <![CDATA[700055]]>
              </value>
            </param>
            <param index="6">
              <value>
                <![CDATA[9765423145]]>
              </value>
            </param>
            <param index="7">
              <value>
                <![CDATA[abygUmA]]>
              </value>
            </param>
          </params>
          <reporter-output>
          </reporter-output>
        </test-method> <!-- createCustomer -->
        <test-method is-config="true" signature="closeBrowser()[pri:0, instance:TestClasses.CreateCustomerTest@342c38f8]" started-at="2025-08-14T07:59:51 IST" name="closeBrowser" finished-at="2025-08-14T07:59:54 IST" duration-ms="3218" status="PASS">
          <reporter-output>
          </reporter-output>
        </test-method> <!-- closeBrowser -->
        <test-method is-config="true" signature="getDriver()[pri:0, instance:TestClasses.CreateCustomerTest@342c38f8]" started-at="2025-08-14T07:59:54 IST" name="getDriver" finished-at="2025-08-14T07:59:57 IST" duration-ms="3245" status="PASS">
          <reporter-output>
          </reporter-output>
        </test-method> <!-- getDriver -->
        <test-method signature="createCustomer(java.lang.String,java.lang.String,java.lang.String,java.lang.String,java.lang.String,java.lang.String,java.lang.String,java.lang.String)[pri:0, instance:TestClasses.CreateCustomerTest@342c38f8]" started-at="2025-08-14T07:59:57 IST" name="createCustomer" data-provider="registerpatientdata" finished-at="2025-08-14T08:00:01 IST" duration-ms="3849" status="PASS">
          <params>
            <param index="0">
              <value>
                <![CDATA[John]]>
              </value>
            </param>
            <param index="1">
              <value>
                <![CDATA[13-04-1993]]>
              </value>
            </param>
            <param index="2">
              <value>
                <![CDATA[Bandra]]>
              </value>
            </param>
            <param index="3">
              <value>
                <![CDATA[Mumbai]]>
              </value>
            </param>
            <param index="4">
              <value>
                <![CDATA[Maharashtra]]>
              </value>
            </param>
            <param index="5">
              <value>
                <![CDATA[300045]]>
              </value>
            </param>
            <param index="6">
              <value>
                <![CDATA[8764423145]]>
              </value>
            </param>
            <param index="7">
              <value>
                <![CDATA[abygUmA]]>
              </value>
            </param>
          </params>
          <reporter-output>
          </reporter-output>
        </test-method> <!-- createCustomer -->
        <test-method is-config="true" signature="closeBrowser()[pri:0, instance:TestClasses.CreateCustomerTest@342c38f8]" started-at="2025-08-14T08:00:01 IST" name="closeBrowser" finished-at="2025-08-14T08:00:04 IST" duration-ms="3212" status="PASS">
          <reporter-output>
          </reporter-output>
        </test-method> <!-- closeBrowser -->
      </class> <!-- TestClasses.CreateCustomerTest -->
      <class name="TestClasses.LoginTest">
        <test-method is-config="true" signature="getDriver()[pri:0, instance:TestClasses.LoginTest@5d0a1059]" started-at="2025-08-14T08:00:04 IST" name="getDriver" finished-at="2025-08-14T08:00:07 IST" duration-ms="3181" status="PASS">
          <reporter-output>
          </reporter-output>
        </test-method> <!-- getDriver -->
        <test-method signature="loginApplication()[pri:0, instance:TestClasses.LoginTest@5d0a1059]" started-at="2025-08-14T08:00:07 IST" name="loginApplication" finished-at="2025-08-14T08:00:09 IST" duration-ms="1278" status="PASS">
          <reporter-output>
          </reporter-output>
        </test-method> <!-- loginApplication -->
        <test-method is-config="true" signature="closeBrowser()[pri:0, instance:TestClasses.LoginTest@5d0a1059]" started-at="2025-08-14T08:00:09 IST" name="closeBrowser" finished-at="2025-08-14T08:00:12 IST" duration-ms="3221" status="PASS">
          <reporter-output>
          </reporter-output>
        </test-method> <!-- closeBrowser -->
      </class> <!-- TestClasses.LoginTest -->
    </test> <!-- Surefire test -->
  </suite> <!-- Surefire suite -->
</testng-results>
