<?xml version="1.0" encoding="UTF-8"?>
<testng-results ignored="0" total="3" passed="3" failed="0" skipped="0">
  <reporter-output>
  </reporter-output>
  <suite started-at="2025-08-14T07:44:21 IST" name="Surefire suite" finished-at="2025-08-14T07:44:52 IST" duration-ms="31077">
    <groups>
    </groups>
    <test started-at="2025-08-14T07:44:21 IST" name="Surefire test" finished-at="2025-08-14T07:44:52 IST" duration-ms="31077">
      <class name="TestClasses.CreateCustomerTest">
        <test-method is-config="true" signature="getDriver()[pri:0, instance:TestClasses.CreateCustomerTest@5495333e]" started-at="2025-08-14T07:44:21 IST" name="getDriver" finished-at="2025-08-14T07:44:25 IST" duration-ms="3967" status="PASS">
          <reporter-output>
          </reporter-output>
        </test-method> <!-- getDriver -->
        <test-method signature="createCustomer(java.lang.String,java.lang.String,java.lang.String,java.lang.String,java.lang.String,java.lang.String,java.lang.String,java.lang.String)[pri:0, instance:TestClasses.CreateCustomerTest@5495333e]" started-at="2025-08-14T07:44:25 IST" name="createCustomer" data-provider="registerpatientdata" finished-at="2025-08-14T07:44:30 IST" duration-ms="5237" status="PASS">
          <params>
            <param index="0">
              <value>
                <![CDATA[Harry]]>
              </value>
            </param>
            <param index="1">
              <value>
                <![CDATA[17-05-1995]]>
              </value>
            </param>
            <param index="2">
              <value>
                <![CDATA[Lajpat Nagar]]>
              </value>
            </param>
            <param index="3">
              <value>
                <![CDATA[Delhi]]>
              </value>
            </param>
            <param index="4">
              <value>
                <![CDATA[NCR]]>
              </value>
            </param>
            <param index="5">
              <value>
                <![CDATA[700055]]>
              </value>
            </param>
            <param index="6">
              <value>
                <![CDATA[9765423145]]>
              </value>
            </param>
            <param index="7">
              <value>
                <![CDATA[abygUmA]]>
              </value>
            </param>
          </params>
          <reporter-output>
          </reporter-output>
        </test-method> <!-- createCustomer -->
        <test-method is-config="true" signature="closeBrowser()[pri:0, instance:TestClasses.CreateCustomerTest@5495333e]" started-at="2025-08-14T07:44:30 IST" name="closeBrowser" finished-at="2025-08-14T07:44:33 IST" duration-ms="3318" status="PASS">
          <reporter-output>
          </reporter-output>
        </test-method> <!-- closeBrowser -->
        <test-method is-config="true" signature="getDriver()[pri:0, instance:TestClasses.CreateCustomerTest@5495333e]" started-at="2025-08-14T07:44:33 IST" name="getDriver" finished-at="2025-08-14T07:44:37 IST" duration-ms="3454" status="PASS">
          <reporter-output>
          </reporter-output>
        </test-method> <!-- getDriver -->
        <test-method signature="createCustomer(java.lang.String,java.lang.String,java.lang.String,java.lang.String,java.lang.String,java.lang.String,java.lang.String,java.lang.String)[pri:0, instance:TestClasses.CreateCustomerTest@5495333e]" started-at="2025-08-14T07:44:37 IST" name="createCustomer" data-provider="registerpatientdata" finished-at="2025-08-14T07:44:41 IST" duration-ms="4476" status="PASS">
          <params>
            <param index="0">
              <value>
                <![CDATA[John]]>
              </value>
            </param>
            <param index="1">
              <value>
                <![CDATA[13-04-1993]]>
              </value>
            </param>
            <param index="2">
              <value>
                <![CDATA[Bandra]]>
              </value>
            </param>
            <param index="3">
              <value>
                <![CDATA[Mumbai]]>
              </value>
            </param>
            <param index="4">
              <value>
                <![CDATA[Maharashtra]]>
              </value>
            </param>
            <param index="5">
              <value>
                <![CDATA[300045]]>
              </value>
            </param>
            <param index="6">
              <value>
                <![CDATA[8764423145]]>
              </value>
            </param>
            <param index="7">
              <value>
                <![CDATA[abygUmA]]>
              </value>
            </param>
          </params>
          <reporter-output>
          </reporter-output>
        </test-method> <!-- createCustomer -->
        <test-method is-config="true" signature="closeBrowser()[pri:0, instance:TestClasses.CreateCustomerTest@5495333e]" started-at="2025-08-14T07:44:41 IST" name="closeBrowser" finished-at="2025-08-14T07:44:44 IST" duration-ms="3262" status="PASS">
          <reporter-output>
          </reporter-output>
        </test-method> <!-- closeBrowser -->
      </class> <!-- TestClasses.CreateCustomerTest -->
      <class name="TestClasses.LoginTest">
        <test-method is-config="true" signature="getDriver()[pri:0, instance:TestClasses.LoginTest@61eaec38]" started-at="2025-08-14T07:44:44 IST" name="getDriver" finished-at="2025-08-14T07:44:48 IST" duration-ms="3316" status="PASS">
          <reporter-output>
          </reporter-output>
        </test-method> <!-- getDriver -->
        <test-method signature="loginApplication()[pri:0, instance:TestClasses.LoginTest@61eaec38]" started-at="2025-08-14T07:44:48 IST" name="loginApplication" finished-at="2025-08-14T07:44:48 IST" duration-ms="678" status="PASS">
          <reporter-output>
          </reporter-output>
        </test-method> <!-- loginApplication -->
        <test-method is-config="true" signature="closeBrowser()[pri:0, instance:TestClasses.LoginTest@61eaec38]" started-at="2025-08-14T07:44:48 IST" name="closeBrowser" finished-at="2025-08-14T07:44:52 IST" duration-ms="3314" status="PASS">
          <reporter-output>
          </reporter-output>
        </test-method> <!-- closeBrowser -->
      </class> <!-- TestClasses.LoginTest -->
    </test> <!-- Surefire test -->
  </suite> <!-- Surefire suite -->
</testng-results>
