<?xml version="1.0" encoding="UTF-8"?>
<!-- Generated by org.testng.reporters.JUnitReportReporter -->
<testsuite hostname="SAURABH" failures="0" tests="2" name="TestClasses.CreateCustomerTest" time="23.714" errors="0" timestamp="2025-08-14T07:44:52 IST" skipped="0">
  <testcase classname="TestClasses.CreateCustomerTest" name="createCustomer" time="12.522"/>
  <system-out/>
  <testcase classname="TestClasses.CreateCustomerTest" name="createCustomer" time="11.192"/>
  <system-out/>
</testsuite> <!-- TestClasses.CreateCustomerTest -->
