<?xml version="1.0" encoding="UTF-8"?>
<!-- Generated by org.testng.reporters.JUnitXMLReporter -->
<testsuite ignored="0" hostname="SAURABH" failures="0" tests="3" name="Surefire test" time="31.077" errors="0" timestamp="2025-08-14T07:44:52 IST">
  <testcase classname="TestClasses.CreateCustomerTest" name="createCustomer" time="5.237"/>
  <testcase classname="TestClasses.CreateCustomerTest" name="createCustomer" time="4.476"/>
  <testcase classname="TestClasses.LoginTest" name="loginApplication" time="0.678"/>
</testsuite> <!-- Surefire test -->
