<?xml version="1.0" encoding="UTF-8"?>
<!-- Generated by org.testng.reporters.JUnitXMLReporter -->
<testsuite ignored="0" hostname="SAURABH" failures="0" tests="3" name="Surefire test" time="30.714" errors="0" timestamp="2025-08-14T08:00:12 IST">
  <testcase classname="TestClasses.CreateCustomerTest" name="createCustomer" time="5.385"/>
  <testcase classname="TestClasses.CreateCustomerTest" name="createCustomer" time="3.849"/>
  <testcase classname="TestClasses.LoginTest" name="loginApplication" time="1.278"/>
</testsuite> <!-- Surefire test -->
